\BOOKMARK [1][-]{section.1}{Einleitung}{}% 1
\BOOKMARK [1][-]{section.2}{Motivation}{}% 2
\BOOKMARK [1][-]{section.3}{Theoretische Grundlagen}{}% 3
\BOOKMARK [2][-]{subsection.3.1}{Framework}{section.3}% 4
\BOOKMARK [2][-]{subsection.3.2}{Language}{section.3}% 5
\BOOKMARK [2][-]{subsection.3.3}{IDE}{section.3}% 6
\BOOKMARK [2][-]{subsection.3.4}{Database}{section.3}% 7
\BOOKMARK [2][-]{subsection.3.5}{Firebase}{section.3}% 8
\BOOKMARK [2][-]{subsection.3.6}{Recommendationssystem}{section.3}% 9
\BOOKMARK [1][-]{section.4}{Konzept}{}% 10
\BOOKMARK [1][-]{section.5}{Funktionen/Komponenten}{}% 11
\BOOKMARK [2][-]{subsection.5.1}{Swipe/Aussuchen/Voting}{section.5}% 12
\BOOKMARK [2][-]{subsection.5.2}{Matches/Chat}{section.5}% 13
\BOOKMARK [2][-]{subsection.5.3}{Film-/Serienvorschl\344ge}{section.5}% 14
\BOOKMARK [2][-]{subsection.5.4}{Gruppenorgien}{section.5}% 15
\BOOKMARK [2][-]{subsection.5.5}{Gespeicherte Filme/Filmliste}{section.5}% 16
\BOOKMARK [2][-]{subsection.5.6}{Zug\344nglichkeit/Behindertenfreundlichkeit/Barrierefreiheit}{section.5}% 17
\BOOKMARK [1][-]{section.6}{Benutzeroberfl\344chen}{}% 18
\BOOKMARK [2][-]{subsection.6.1}{Aspekte von Benutzeroberfl\344chen}{section.6}% 19
\BOOKMARK [2][-]{subsection.6.2}{Oberfl\344chen von StreamSwipe}{section.6}% 20
\BOOKMARK [3][-]{subsubsection.6.2.1}{Login-Screen}{subsection.6.2}% 21
\BOOKMARK [3][-]{subsubsection.6.2.2}{Home-Screen}{subsection.6.2}% 22
\BOOKMARK [3][-]{subsubsection.6.2.3}{Swipe-Screen}{subsection.6.2}% 23
\BOOKMARK [3][-]{subsubsection.6.2.4}{Chat}{subsection.6.2}% 24
\BOOKMARK [3][-]{subsubsection.6.2.5}{Benutzerprofil}{subsection.6.2}% 25
\BOOKMARK [2][-]{subsection.6.3}{Filmliste}{section.6}% 26
\BOOKMARK [1][-]{section.7}{CodeBeispiele}{}% 27
\BOOKMARK [1][-]{section.8}{Probleme}{}% 28
\BOOKMARK [1][-]{section.9}{Fazit}{}% 29
\BOOKMARK [1][-]{section.10}{Literaturverzeichnis}{}% 30
